n/1589787644719.jpg
n/toys-667740__340.jpg
n/1589787628822.jpg
n/playground-3393422__340.jpg
n/model-car-2263745__340.jpg
n/model-car-2046650__340.jpg
n/1589787621042.jpg
n/model-car-1997111__340.jpg
n/carrera-89555__340.jpg
n/1589787599962.jpg
n/auto-2017846__340.jpg
n/1589787628826.jpg
n/porsche-1214822__340.jpg
n/1589787621041.jpg
n/model-car-1996944__340.jpg
n/model-car-2046660__340.jpg
n/1589787636702.jpg
n/toy-1269858__340.jpg
n/1589787636699.jpg
n/toy-1083171__340.jpg
n/car-367136__340.jpg
n/1589787639445.png
n/toy-3211265__340.png
n/model-car-2035346__340.jpg
n/1589787621051.jpg
n/model-car-2013448__340.jpg
n/1589787621047.jpg
n/model-car-2013128__340.jpg
n/1589787639457.jpg
n/toy-884076__340.jpg
n/1589787639448.jpg
n/toy-3960389__340.jpg
n/model-car-2035364__340.jpg
n/1589787621039.jpg
n/model-car-1522238__340.jpg
n/model-car-2077114__340.jpg
n/christmas-4640908__340.jpg
n/1589787644738.jpg
n/truck-3444933__340.jpg
n/ferrari-2046510__340.jpg
n/model-car-2076714__340.jpg
n/machine-1941652__340.jpg
n/model-car-2035363__340.jpg
n/model-car-2059520__340.jpg
n/model-car-2039583__340.jpg
n/model-car-2039597__340.jpg
n/1589787621055.jpg
n/oldtimer-2405231__340.jpg
n/car-2152774__340.jpg
n/car-5025184__340.jpg
n/1589787644749.jpg
n/volkswagen-4089235__340.jpg
n/vw-2059481__340.jpg
n/model-car-2077208__340.jpg
n/allianz-arena-172232__340.jpg
n/model-car-2077207__340.jpg
n/model-car-2076577__340.jpg
n/vw-2047685__340.jpg
n/1589787621046.jpg
n/model-car-2012837__340.jpg
n/car-4719521__340.jpg
n/model-car-2067638__340.jpg
n/car-4782630__340.jpg
n/car-2250140__340.jpg
n/car-1415797__340.jpg
n/car-5147128__340.jpg
n/1589787621056.jpg
n/oldtimer-5050633__340.jpg
n/car-5062579__340.jpg
n/ferrari-2044960__340.jpg
n/model-car-2059486__340.jpg
n/car-1392505__340.jpg
n/model-car-2076705__340.jpg
n/1589787639483.jpg
n/toy-car-73424__340.jpg
n/model-car-2046643__340.jpg
n/toys-4520611__340.jpg
n/boy-1736609__340.jpg
n/1589787621031.png
n/car-4472073__340.png
n/1589787644737.jpg
n/truck-2920044__340.jpg
n/vw-2070975__340.jpg
n/model-car-2077146__340.jpg
n/car-3790789__340.jpg
n/1589787644725.jpg
n/traffic-2273917__340.jpg
n/model-car-2076725__340.jpg
n/model-cars-1899757__340.jpg
n/toys-2307477__340.jpg
n/1589787628830.jpg
n/porsche-911-gti-1998-3592279__340.jpg
n/1589787621052.jpg
n/model-car-2015505__340.jpg
n/1589787636706.jpg
n/toy-2157897__340.jpg
n/child-1640573__340.jpg
n/1589787647024.jpg
n/volkswagen-898046__340.jpg
n/toys-4410616__340.jpg
n/star-wars-4163645__340.jpg
n/1589787644715.jpg
n/toys-2045075__340.jpg
n/1589787644731.jpg
n/truck-2273911__340.jpg
n/1589787621045.jpg
n/model-car-2012835__340.jpg
n/flea-market-67374__340.jpg
n/1589787639444.jpg
n/toy-314375__340.jpg
n/motor-2082266__340.jpg
n/model-car-4947286__340.jpg
n/car-1997325__340.jpg
n/miniature-3323893__340.jpg
n/toys-4410614__340.jpg
n/1589787636687.jpg
n/rc-4308048__340.jpg
n/1589787639465.jpg
n/toy-car-2250133__340.jpg
n/toys-4410613__340.jpg
n/1589787644736.jpg
n/truck-2881681__340.jpg
n/machine-1941653__340.jpg
n/miniature-3914940__340.jpg
n/model-car-2037031__340.jpg
n/1589787621044.jpg
n/model-car-2012830__340.jpg
n/1589787599970.png
n/car-3849577__340.png
n/car-3477165__340.png
n/1589787644739.png
n/valentine-4877694__340.png
n/child-862775__340.jpg
n/nostalgia-1133305__340.png
n/auto-2530204__340.png
n/model-5041703__340.jpg
n/nostalgia-1133307__340.png
n/1589787621039.png
n/jeep-3023464__340.png
n/1589787599969.png
n/car-3820715__340.png
n/autos-3312696__340.jpg
n/1589787621038.png
n/heart-3490090__340.png
n/sheet-metal-car-3796967__340.jpg
n/mini-1254635__340.jpg
n/mini-1254638__340.jpg
n/christmas-tree-1856460__340.jpg
n/1589787621040.jpg
n/model-car-1680869__340.jpg
n/sports-car-2798652__340.jpg
n/cars-2947087__340.jpg
n/car-2466687__340.jpg
n/1589787641966.jpg
n/toys-1044577__340.jpg
n/jeff-gordon-1513336__340.jpg
n/1589787647035.jpg
n/wooden-218067__340.jpg
n/1589787636713.jpg
n/toy-2787557__340.jpg
n/toys-2408688__340.jpg
n/1589787636707.jpg
n/toy-2465725__340.jpg
n/car-2461986__340.jpg
n/bobby-car-2799696__340.jpg
n/bug-2626145__340.jpg
n/car-2594851__340.jpg
n/miniature-3567577__340.jpg
n/toys-4565719__340.jpg
n/model-car-4293683__340.jpg
n/car-4067948__340.jpg
n/car-4522261__340.jpg
n/1589787639451.jpg
n/toy-4659464__340.jpg
n/diecast-1155906__340.jpg
n/rc-4314641__340.jpg
n/1589787621057.jpg
n/pads-4661033__340.jpg
n/beetle-4860635__340.jpg
n/1589787628833.jpg
n/quad-4465390__340.jpg
n/auto-4015161__340.jpg
n/bobby-car-301455__340.jpg
n/1589787644735.jpg
n/truck-2813801__340.jpg
n/car-2639531__340.jpg
n/car-4536792__340.jpg
n/carrera-1316303__340.jpg
n/bmw-1334669__340.jpg
n/bobby-car-358115__340.jpg
n/model-car-258801__340.jpg
n/car-996169__340.jpg
n/1589787636695.jpg
n/tin-car-895185__340.jpg
n/bmw-1334666__340.jpg
n/mini-1254633__340.jpg
n/1589787639446.jpg
n/toy-3740195__340.jpg
n/toys-2751013__340.jpg
n/rc-model-4896782__340.jpg
n/runabout-823743__340.jpg
n/car-143459__340.jpg
n/1589787599972.jpg
n/car-4375665__340.jpg
n/car-4823305__340.jpg
n/ferrari-1834963__340.jpg
n/crafts-2608955__340.jpg
n/miniature-3567576__340.jpg
n/1589787644734.jpg
n/truck-2813649__340.jpg
n/rc-4375717__340.jpg
n/1589787628824.jpg
n/playmobil-814117__340.jpg
n/miniature-3561891__340.jpg
n/car-1551636__340.jpg
n/rc-model-4316167__340.jpg
n/rc-model-4316170__340.jpg
n/car-2594854__340.jpg
n/1589787644727.jpg
n/transportation-2600148__340.jpg
n/black-and-white-3615927__340.jpg
n/rc-4309878__340.jpg
n/macro-956107__340.jpg
n/car-3806652__340.jpg
n/car-2505743__340.jpg
n/car-4700026__340.jpg
n/toys-2808599__340.jpg
n/car-3336382__340.jpg
n/car-4051728__340.jpg
n/1589787636697.jpg
n/tonka-3638956__340.jpg
n/bmw-1334668__340.jpg
n/super-car-4617096__340.jpg
n/1589787636698.jpg
n/tonka-3638975__340.jpg
n/1589787644746.jpg
n/vehicle-sport-2883559__340.jpg
n/volkswagen-4753792__340.jpg
n/1589787621058.jpg
n/pedal-car-2643607__340.jpg
n/toys-3637295__340.jpg
n/mini-3556909__340.jpg
n/1589787647023.jpg
n/volkswagen-814884__340.jpg
n/toys-2891247__340.jpg
n/mini-1254630__340.jpg
n/lego-932434__340.jpg
n/thailand-5025139__340.jpg
n/diecast-1155905__340.jpg
n/1589787644732.jpg
n/truck-2813647__340.jpg
n/children-toys-4412827__340.jpg
n/rc-model-4896785__340.jpg
n/drone-4312745__340.jpg
n/rc-4314642__340.jpg
n/lego-1862115__340.jpg
n/auto-4566841__340.jpg
n/antique-toy-1215028__340.jpg
n/1589787636681.jpg
n/railway-4725159__340.jpg
n/rc-car-4808383__340.jpg
n/1589787599970.jpg
n/car-4375658__340.jpg
n/car-3975583__340.jpg
n/local-4158619__340.jpg
n/1589787628823.jpg
n/playmobil-1073886__340.jpg
n/friction-car-5001135__340.jpg
n/1589787647034.jpg
n/wooden-218066__340.jpg
n/model-car-2099669__340.jpg
n/1589787644740.jpg
n/van-2818353__340.jpg
n/1589787636690.jpg
n/rc-4308051__340.jpg
n/1589787636688.jpg
n/rc-4308049__340.jpg
n/1589787636711.jpg
n/toy-2595469__340.jpg
n/friction-car-5001138__340.jpg
n/volkswagen-4753791__340.jpg
n/car-model-928279__340.jpg
n/diecast-3339838__340.jpg
n/model-car-2035359__340.jpg
n/machinery-3474139__340.jpg
n/car-1639083__340.jpg
n/abstract-3942277__340.jpg
n/model-car-4236375__340.jpg
n/jeep-rubicon-5060308__340.jpg
n/toys-4848650__340.jpg
n/child-2500230__340.jpg
n/model-car-2090449__340.jpg
n/mercedes-4009754__340.jpg
n/model-car-2039581__340.jpg
n/model-car-2087297__340.jpg
n/car-2881200__340.jpg
n/1589787628834.jpg
n/quad-4547036__340.jpg
n/1589787644728.jpg
n/transportation-631345__340.jpg
n/1589787647022.jpg
n/volkswagen-4753790__340.jpg
n/1589787639479.jpg
n/toy-car-5042767__340.jpg
n/1589787639456.jpg
n/toy-680164__340.jpg
n/car-4431337__340.jpg
n/1589787599973.jpg
n/car-4379178__340.jpg
n/1589787628839.jpg
n/racing-car-1237525__340.jpg
n/1589787636708.jpg
n/toy-2582145__340.jpg
n/toys-4826223__340.jpg
n/jeep-rubicon-5060306__340.jpg
n/model-train-4632799__340.jpg
n/1589787636714.jpg
n/toy-2822955__340.jpg
n/1589787621031.jpg
n/car-4431332__340.jpg
n/1589787633083.jpg
n/racing-car-1237536__340.jpg
n/model-car-2078730__340.jpg
n/car-2391136__340.jpg
n/miniature-4308110__340.jpg
n/rc-4314646__340.jpg
n/rc-4309880__340.jpg
n/model-car-2090445__340.jpg
n/model-car-2035374__340.jpg
n/autumn-racing-car-4660068__340.jpg
n/car-1842113__340.jpg
n/bus-249300__340.jpg
n/thumbnails-2879009__340.jpg
n/car-2594853__340.jpg
n/1589787599974.jpg
n/car-4379925__340.jpg
n/car-2587700__340.jpg
n/1589787636683.jpg
n/ray-2676020__340.jpg
n/1589787621036.png
n/coal-car-310257__340.png
n/automobile-1853062__340.jpg
n/black-car-1716405__340.jpg
n/tin-car-895181__340.jpg
n/1589787644721.jpg
n/toys-942858__340.jpg
n/offroad-4695355__340.jpg
n/friction-car-5001137__340.jpg
n/car-4900733__340.jpg
n/1589787628832.jpg
n/profile-4351229__340.jpg
n/1589787639471.jpg
n/toy-car-3911034__340.jpg
n/miniature-3565397__340.jpg
n/miniature-2428416__340.jpg
n/model-car-2847251__340.jpg
n/model-car-2090400__340.jpg
n/1589787636710.jpg
n/toy-2595444__340.jpg
n/1589787644742.jpg
n/vehicle-3093298__340.jpg
n/model-car-2093949__340.jpg
n/1589787628829.jpg
n/porsche-798916__340.jpg
n/satellite-1338880__340.jpg
n/1589787636696.jpg
n/tin-car-895186__340.jpg
n/buggy-1863996__340.jpg
n/friction-car-5001136__340.jpg
n/1589787639467.jpg
n/toy-car-2463210__340.jpg
n/drone-4312742__340.jpg
n/car-1078176__340.jpg
n/lego-1862121__340.jpg
n/rc-model-4896821__340.jpg
n/model-car-2060201__340.jpg
n/abstract-989911__340.jpg
n/car-4729327__340.jpg
n/model-car-2096368__340.jpg
n/1589787636691.jpg
n/rc-4308052__340.jpg
n/model-car-2076712__340.jpg
n/model-car-2039576__340.jpg
n/1589787647032.jpg
n/white-male-1748801__340.jpg
n/mini-1254627__340.jpg
n/mini-1254632__340.jpg
n/1589787636684.jpg
n/rc-4308041__340.jpg
n/drone-4312741__340.jpg
n/1589787636686.jpg
n/rc-4308045__340.jpg
n/lost-4723440__340.jpg
n/drone-4312743__340.jpg
n/bert-and-ernie-382270__340.jpg
n/buggy-1863995__340.jpg
n/model-car-2039577__340.jpg
n/cars-1584839__340.jpg
n/1589787599976.jpg
n/car-4390225__340.jpg
n/model-car-2087101__340.jpg
n/model-car-2078726__340.jpg
n/bus-4378921__340.jpg
n/1589787639449.jpg
n/toy-4057501__340.jpg
n/model-car-2093995__340.jpg
n/1589787628838.jpg
n/racing-car-1237521__340.jpg
n/art-2687778__340.png
n/1589787628840.jpg
n/racing-car-1237529__340.jpg
n/1589787633082.jpg
n/racing-car-1237534__340.jpg
n/boy-3626337__340.jpg
n/car-2421432__340.jpg
n/1589787621037.png
n/gokart-1828590__340.png
n/1589787636709.jpg
n/toy-2595415__340.jpg
n/1589787639453.jpg
n/toy-536486__340.jpg
n/1589787639447.jpg
n/toy-387272__340.jpg
n/model-car-2094454__340.jpg
n/1589787599963.jpg
n/auto-2210992__340.jpg
n/model-car-2087044__340.jpg
n/1589787644730.jpg
n/tricycle-1568568__340.jpg
n/model-car-2091496__340.jpg
n/car-5028982__340.jpg
n/1589787628831.jpg
n/profile-4351228__340.jpg
n/model-car-2091225__340.jpg
n/car-210620__340.jpg
n/ferrari-4897389__340.jpg
n/mercedes-3658102__340.jpg
n/buggy-1863909__340.jpg
n/buggy-1863915__340.jpg
n/car-367137__340.jpg
n/1589787641964.jpg
n/toy-car-942351__340.jpg
n/model-3926138__340.jpg
n/miniature-4533524__340.jpg
n/1589787644723.jpg
n/trabi-1160802__340.jpg
n/car-33042__340.png
n/1589787621030.jpg
n/car-4400951__340.jpg
n/1589787639477.jpg
n/toy-car-5042760__340.jpg
n/1589787639472.jpg
n/toy-car-3911046__340.jpg
n/rc-model-4896786__340.jpg
n/benetton-2094039__340.jpg
n/mini-cooper-3775582__340.jpg
n/model-car-2091434__340.jpg
n/mclaren-2094071__340.jpg
n/offroad-4558534__340.jpg
n/child-2459561__340.jpg
n/1589787599969.jpg
n/auto-663322__340.jpg
n/offroad-3791770__340.jpg
n/model-car-2046638__340.jpg
n/model-car-2091535__340.jpg
n/toys-4838305__340.jpg
n/1589787644744.jpg
n/vehicle-3233895__340.jpg
n/model-car-2099663__340.jpg
n/model-car-2555186__340.jpg
n/city-3264255__340.jpg
n/model-car-2060200__340.jpg
n/rc-4314647__340.jpg
n/model-car-2091502__340.jpg
n/capri-787343__340.jpg
n/1589787621043.jpg
n/model-car-2008681__340.jpg
n/car-2767497__340.jpg
n/model-car-2099681__340.jpg
n/model-car-2090399__340.jpg
n/model-car-2091545__340.jpg
n/1589787621032.png
n/car-4696209__340.png
n/model-car-2094110__340.jpg
n/model-car-2093815__340.jpg
n/offroad-4439796__340.jpg
n/model-car-2432262__340.jpg
n/1589787639450.jpg
n/toy-4586378__340.jpg
n/bugatka-823742__340.jpg
n/mini-1254628__340.jpg
n/model-car-2093951__340.jpg
n/buggy-1863910__340.jpg
n/china-6410__340.jpg
n/car-1844828__340.jpg
n/hpi-3911901__340.jpg
n/car-3421513__340.jpg
n/model-car-4292445__340.jpg
n/toys-2307478__340.jpg
n/model-car-2093980__340.jpg
n/1589787644713.jpg
n/toys-1290002__340.jpg
n/model-car-2099662__340.jpg
n/1589787621049.jpg
n/model-car-2013130__340.jpg
n/1589787644741.jpg
n/vans-4224412__340.jpg
n/1589787644733.jpg
n/truck-2813648__340.jpg
n/mclaren-2087240__340.jpg
n/model-car-2091536__340.jpg
n/1589787628819.jpg
n/petrol-stations-4601077__340.jpg
n/1589787639480.jpg
n/toy-car-5042776__340.jpg
n/1589787599697.jpg
n/auto-1869499__340.jpg
n/childrens-vehicles-187558__340.jpg
n/christmas-1711562__340.jpg
n/1589787636689.jpg
n/rc-4308050__340.jpg
n/benetton-2094056__340.jpg
n/1589787621053.jpg
n/model-car-2017751__340.jpg
n/mini-1254629__340.jpg
n/replicas-810316__340.jpg
n/jeep-rubicon-5060302__340.jpg
n/1589787633085.jpg
n/racing-cars-1237539__340.jpg
n/kushin-1679578__340.jpg
n/1589787636712.jpg
n/toy-2740634__340.jpg
n/toys-4848641__340.jpg
n/car-2881217__340.jpg
n/car-1294113__340.png
n/machinery-3412430__340.jpg
n/drone-4312746__340.jpg
n/1589787639464.jpg
n/toy-car-1970949__340.jpg
n/1589787647028.jpg
n/wheel-3087164__340.jpg
n/mst-3911899__340.jpg
n/lego-2977166__340.jpg
n/drone-4312744__340.jpg
n/1589787644739.jpg
n/truck-4412828__340.jpg
n/model-car-2330616__340.jpg
n/1589787636682.jpg
n/rally-4349376__340.jpg
n/ferrari-2087188__340.jpg
n/1589787636685.jpg
n/rc-4308042__340.jpg
n/autos-2060396__340.jpg
n/beetle-4591931__340.jpg
n/hotwheels-car-2585257__340.jpg
n/1589787628837.jpg
n/race-car-4280787__340.jpg
n/old-3233898__340.jpg
n/car-4089230__340.jpg
n/bus-4713491__340.jpg
n/christmas-1711564__340.jpg
n/1589787621048.jpg
n/model-car-2013129__340.jpg
n/capri-625313__340.jpg
n/1589787644722.jpg
n/toys-958693__340.jpg
n/running-car-2801356__340.png
n/small-4574787__340.jpg
n/model-car-2092149__340.jpg
n/model-car-2057504__340.jpg
n/model-car-2096910__340.jpg
n/tin-car-895182__340.jpg
n/local-4820461__340.jpg
n/offroad-4367167__340.jpg
n/mini-1254631__340.jpg
n/running-car-2801292__340.png
n/model-car-2107348__340.jpg
n/engine-cab-2836109__340.jpg
n/1589787647036.jpg
n/wooden-car-357307__340.jpg
n/1589787599966.jpg
n/auto-252606__340.jpg
n/buggy-1863937__340.jpg
n/1589787639445.jpg
n/toy-3647697__340.jpg
n/miniature-4572821__340.jpg
n/model-1364606__340.jpg
n/model-car-2046640__340.jpg
n/rc-4314644__340.jpg
n/1589787644745.jpg
n/vehicle-3233896__340.jpg
n/model-car-2092148__340.jpg
n/bus-1816338__340.jpg
n/car-4758777__340.jpg
n/model-car-2092656__340.jpg
n/model-car-2092147__340.jpg
n/bentley-2556244__340.jpg
n/1589787636715.jpg
n/toy-2922823__340.jpg
n/model-car-2087109__340.jpg
n/model-car-2091416__340.jpg
n/bmw-2109156__340.jpg
n/local-4990317__340.jpg
n/ferrari-2650884__340.jpg
n/car-wheel-3790419__340.jpg
n/model-car-2091362__340.jpg
n/car-3368671__340.png
n/lotus-2094025__340.jpg
n/model-car-2107347__340.jpg
n/offroad-4649108__340.jpg
n/rc-4309879__340.jpg
n/model-car-2091417__340.jpg
n/model-car-2091364__340.jpg
n/1589787599971.jpg
n/car-4375659__340.jpg
n/1589787636701.jpg
n/toy-1223821__340.jpg
n/1589787639454.jpg
n/toy-536490__340.jpg
n/auto-3979552__340.jpg
n/toys-3517750__340.jpg
n/rc-4314645__340.jpg
n/1589787599961.jpg
n/auto-1995027__340.jpg
n/old-3068280__340.jpg
n/1589787628821.jpg
n/pink-2594856__340.jpg
n/toys-2307506__340.jpg
n/mercedes-1571211__340.jpg
n/model-car-2090199__340.jpg
n/model-car-2091288__340.jpg
n/rc-4309883__340.jpg
n/model-1364598__340.jpg
n/model-car-2091389__340.jpg
n/car-4828766__340.jpg
n/ferrari-2087187__340.jpg
n/car-4702517__340.jpg
n/mercedes-3658466__340.jpg
n/bmw-2109157__340.jpg
n/1589787639458.jpg
n/toy-933904__340.jpg
n/model-car-2091339__340.jpg
n/offroad-3119713__340.jpg
n/bmw-1334671__340.jpg
n/car-4946516__340.jpg
n/car-1120148__340.jpg
n/capri-787366__340.jpg
n/lamborgini-4565361__340.jpg
n/1589787628827.jpg
n/porsche-2330685__340.jpg
n/1589787599965.jpg
n/auto-2263809__340.jpg
n/1589787628836.jpg
n/race-car-3727794__340.jpg
n/model-car-2091544__340.jpg
n/model-car-2087048__340.jpg
n/1589787639478.jpg
n/toy-car-5042765__340.jpg
n/toys-2307508__340.jpg
n/model-car-2046645__340.jpg
n/1589787599964.jpg
n/auto-2263627__340.jpg
n/bobby-car-301453__340.jpg
n/1589787621050.jpg
n/model-car-2013131__340.jpg
n/1589787644717.jpg
n/toys-2307441__340.jpg
n/mercedes-1571210__340.jpg
n/model-car-470642__340.jpg
n/model-car-2148221__340.jpg
n/1589787636703.jpg
n/toy-1531536__340.jpg
n/1589787621029.jpg
n/car-4390235__340.jpg
n/model-car-2093893__340.jpg
n/1589787636694.jpg
n/tin-car-895184__340.jpg
n/model-cars-2154578__340.jpg
n/miniature-1043571__340.jpg
n/1589787639461.jpg
n/toy-938775__340.jpg
n/benetton-2094038__340.jpg
n/lotus-2094024__340.jpg
n/1589787639468.jpg
n/toy-car-2710298__340.jpg
n/capri-625316__340.jpg
n/lego-2065199__340.jpg
n/rc-car-4562873__340.jpg
n/1589787647030.jpg
n/white-male-1748794__340.jpg
n/1589787644747.jpg
n/volkswagen-2216883__340.jpg
n/taxi-996164__340.jpg
n/1589787633084.jpg
n/racing-cars-1237538__340.jpg
n/machine-793633__340.jpg
n/1589787621033.jpg
n/cart-toy-4477199__340.jpg
n/mercedes-benz-4233175__340.jpg
n/1589787639469.jpg
n/toy-car-279775__340.jpg
n/model-car-2093994__340.jpg
n/car-786315__340.jpg
n/1589787639463.jpg
n/toy-car-1557373__340.jpg
n/honda-2086974__340.jpg
n/miniature-4570952__340.jpg
n/rolls-royce-1164382__340.jpg
n/honda-2087008__340.jpg
n/roadside-assistance-2515985__340.jpg
n/mclaren-2087241__340.jpg
n/model-car-470644__340.jpg
n/machine-793680__340.jpg
n/1589787644743.jpg
n/vehicle-3233894__340.jpg
n/1589787639466.jpg
n/toy-car-2432354__340.jpg
n/1589787644718.png
n/toys-4997210__340.png
n/1589787599975.jpg
n/car-4390222__340.jpg
n/running-car-2801475__340.png
n/car-3737120__340.jpg
n/lotus-2094057__340.jpg
n/1589787628820.jpg
n/pickup-1580570__340.jpg
n/h0-3693035__340.jpg
n/car-4702515__340.jpg
n/1589787628828.jpg
n/porsche-767207__340.jpg
n/model-car-2137121__340.jpg
n/auto-215091__340.jpg
n/auto-5035998__340.jpg
n/model-car-2778424__340.jpg
n/lego-2065200__340.jpg
n/model-car-2099658__340.jpg
n/1589787639473.jpg
n/toy-car-418254__340.jpg
n/1589787641963.jpg
n/toy-car-74407__340.jpg
n/china-6409__340.jpg
n/toys-2436750__340.jpg
n/model-car-2093979__340.jpg
n/rc-4309884__340.jpg
n/model-car-2090344__340.jpg
n/car-4964798__340.jpg
n/car-1577046__340.jpg
n/1589787647026.jpg
n/vw-2099567__340.jpg
n/model-car-2099645__340.jpg
n/h0-3693034__340.jpg
n/car-1849__340.jpg
n/1589787647031.jpg
n/white-male-1748797__340.jpg
n/car-1577045__340.jpg
n/car-4028205__340.jpg
n/city-3221906__340.jpg
n/drone-3926137__340.jpg
n/bobby-car-2045956__340.jpg
n/1589787621034.jpg
n/toys-2308136__340.jpg
n/1589787641965.jpg
n/toy-dog-942346__340.jpg
n/1589787599967.jpg
n/auto-271956__340.jpg
n/model-car-2093950__340.jpg
n/model-car-2091363__340.jpg
n/child-958459__340.jpg
n/model-car-2092146__340.jpg
n/bobby-car-2080779__340.jpg
n/model-car-2099498__340.jpg
n/model-car-2100737__340.jpg
n/barn-2353699__340.jpg
n/automobile-1259031__340.jpg
n/1589787644750.jpg
n/volkswagen-4280842__340.jpg
n/model-car-2489193__340.jpg
n/toys-2436749__340.jpg
n/1589787644716.jpg
n/toys-2127789__340.jpg
n/mercedes-3999300__340.jpg
n/car-3457884__340.jpg
n/nature-3048812__340.jpg
n/model-car-2096909__340.jpg
n/ferrari-2137135__340.jpg
n/1589787639475.jpg
n/toy-car-4477195__340.jpg
n/sun-513848__340.jpg
n/model-car-2059519__340.jpg
n/1589787639459.jpg
n/toy-938220__340.jpg
n/1589787644718.jpg
n/toys-4908373__340.jpg
n/bobby-car-2080781__340.jpg
n/red-1277538__340.jpg
n/messerschmitt-kr200-433574__340.jpg
n/motor-2354350__340.jpg
n/model-car-2094109__340.jpg
n/vw-2070575__340.jpg
n/model-car-2109067__340.jpg
n/mercedes-1571181__340.jpg
n/car-1842109__340.jpg
n/kid-585278__340.jpg
n/toys-4452247__340.jpg
n/1589787599960.jpg
n/auto-1995026__340.jpg
n/rc-4309881__340.jpg
n/car-crash-2461316__340.jpg
n/1589787639443.jpg
n/toy-3131063__340.jpg
n/1589787636705.jpg
n/toy-1962960__340.jpg
n/land-rover-5060298__340.jpg
n/model-car-2778426__340.png
n/1589787647027.jpg
n/vw-2489192__340.jpg
n/fantasies-4065880__340.jpg
n/1589787639481.jpg
n/toy-car-5042822__340.jpg
n/1589787621035.png
n/christmas-4702973__340.png
n/model-car-2510550__340.jpg
n/auto-3158834__340.jpg
n/automobile-3524462__340.jpg
n/1589787644720.jpg
n/toys-932747__340.jpg
n/jeep-rubicon-5060305__340.jpg
n/model-car-2093886__340.jpg
n/machine-1941669__340.jpg
n/toys-4614030__340.jpg
n/fiat-1754720__340.jpg
n/offroad-3747184__340.jpg
n/1589787636700.jpg
n/toy-1223792__340.jpg
n/off-road-outlaw-5063672__340.jpg
n/kushin-1679581__340.jpg
n/1589787639476.jpg
n/toy-car-5042754__340.jpg
n/model-car-2148267__340.jpg
n/1589787636693.png
n/running-car-2812643__340.png
n/capri-625314__340.jpg
n/model-car-4916819__340.jpg
n/land-rover-5060297__340.jpg
n/model-car-2087046__340.jpg
n/car-4003256__340.jpg
n/miniature-5097843__340.jpg
n/auto-2546073__340.jpg
n/jeep-rubicon-5060304__340.jpg
n/auto-5035997__340.jpg
n/running-car-2801357__340.png
n/matchbox-car-2650095__340.jpg
n/auto-3979553__340.jpg
n/bulli-626217__340.jpg
n/model-car-2090291__340.jpg
n/vw-1308502__340.jpg
n/1589787639460.jpg
n/toy-938248__340.jpg
n/1589787644726.jpg
n/train-590466__340.jpg
n/car-3399851__340.png
n/car-155682__340.png
n/wooden-car-1039298__340.jpg
n/book-4688800__340.png
n/1589787647029.jpg
n/white-bunny-car-4348456__340.jpg
n/car-4003258__340.jpg
n/model-car-2535607__340.jpg
n/cars-2372103__340.jpg
n/model-car-2091435__340.jpg
n/machine-1941670__340.jpg
n/mercedes-benz-2081097__340.jpg
n/1589787644729.jpg
n/travel-2611611__340.jpg
n/gray-536488__340.jpg
n/off-road-outlaw-5063677__340.jpg
n/model-car-2090303__340.jpg
n/1589787636693.jpg
n/tin-car-895183__340.jpg
n/1589787621034.png
n/christmas-3648147__340.png
n/car-2881236__340.jpg
n/model-car-2432261__340.jpg
n/1589787647025.jpg
n/vw-2099566__340.jpg
n/mercedes-1571165__340.jpg
n/1589787636691.png
n/running-car-2801476__340.png
n/street-1281715__340.jpg
n/model-car-2731662__340.png
n/ford-5050579__340.jpg
n/running-car-2801291__340.png
n/toys-4776279__340.jpg
n/1589787644725.png
n/train-311057__340.png
n/1589787636692.png
n/running-car-2812641__340.png
n/toys-4393509__340.jpg
n/1589787628835.jpg
n/race-5033784__340.jpg
n/model-car-2731660__340.png
n/mercedes-1571776__340.jpg
n/car-5125142__340.jpg
n/1589787639462.jpg
n/toy-car-1082037__340.jpg
n/model-car-2555245__340.jpg
n/car-3418839__340.png
n/car-3457883__340.jpg
n/kids-1268694__340.jpg
n/car-1577043__340.jpg
n/1589787639484.jpg
n/toy-car-74406__340.jpg
n/nature-1284037__340.jpg
n/car-5079100__340.jpg
n/1589787639482.jpg
n/toy-car-5050598__340.jpg
n/model-car-2093978__340.jpg
n/1589787621054.jpg
n/off-road-outlaw-5063678__340.jpg
n/car-4003259__340.jpg
n/macro-1835341__340.jpg
n/cars-5032723__340.jpg
n/1589787599968.jpg
n/auto-491548__340.jpg
n/loco-590468__340.jpg
n/the-red-car-5013880__340.jpg
n/car-1284446__340.jpg
n/goki-4969533__340.jpg
n/smoke-2015556__340.jpg
n/cars-5053985__340.jpg
n/1589787644740.png
n/van-159722__340.png
n/1589787644724.jpg
n/trabi-1303605__340.jpg
n/follow-me-carriage-1046199__340.jpg
n/christmas-car-3733977__340.jpg
n/car-1850670__340.jpg
n/child-862770__340.jpg
n/1589787641967.jpg
n/toys-1064262__340.jpg
n/bobby-car-2426781__340.jpg
n/car-1568122__340.jpg
n/autos-2060420__340.jpg
n/mercedes-1571706__340.jpg
n/auto-2729384__340.png
n/1589787644748.jpg
n/volkswagen-2781585__340.jpg
n/car-1284040__340.jpg
n/mercedes-1568085__340.jpg
n/1589787639452.jpg
n/toy-4998427__340.jpg
n/auto-2583292__340.jpg
n/auto-2583297__340.jpg
n/son-998655__340.jpg
n/road-5174615__340.jpg
n/kid-1350663__340.jpg
n/car-1768794__340.jpg
n/car-1577048__340.jpg
n/miniature-car-5141627__340.jpg
n/model-car-3296556__340.jpg
n/1589787639455.jpg
n/toy-542701__340.jpg
n/car-312461__340.png
n/vw-1308501__340.jpg
n/christmas-tree-1856383__340.jpg
n/fir-tree-1856410__340.jpg
n/1589787644726.png
n/train-312107__340.png
n/messerschmitt-kr200-433577__340.jpg
n/1589787644730.png
n/truck-2158284__340.png
n/model-1364607__340.jpg
n/mug-2586266__340.jpg
n/bobby-car-349695__340.jpg
n/1589787647033.jpg
n/winter-2522720__340.jpg
n/christmas-tree-1856343__340.jpg
n/miniature-1802333__340.jpg
n/model-car-5086548__340.jpg
n/model-car-5086647__340.jpg
n/car-40241__340.png
n/model-car-5086785__340.jpg
n/map-2530069__340.jpg
n/baby-1842293__340.jpg
n/1589787639474.jpg
n/toy-car-431356__340.jpg
n/holidays-1283014__340.jpg
n/1589787636704.jpg
n/toy-1802372__340.jpg
n/1589787628825.jpg
n/polonaise-1887113__340.jpg
n/car-210621__340.jpg
n/auto-2583266__340.jpg
n/auto-2583230__340.jpg
n/auto-2583303__340.jpg
n/1589787639470.jpg
n/toy-car-3435890__340.jpg
n/fiat-1754723__340.jpg
n/christmas-2854270__340.jpg
n/model-car-5086713__340.jpg