p/1589783730879.jpg 1 0 0 299 168
p/1589783730878.jpg 1 0 0 500 500
p/1589783730877.jpg 1 0 0 1027 891
p/1589783730876.jpg 1 0 0 612 372
p/1589783730875.jpg 1 0 0 1000 780
p/1589783730874.jpg 1 0 0 276 183
p/1589783730873.jpg 1 0 0 800 600
p/1589783730872.jpg 1 0 0 550 550
p/1589783730871.jpg 1 0 0 800 600
p/1589783730870.jpg 1 0 0 808 603
p/1589783730869.jpg 1 0 0 800 600
p/1589783730868.jpg 1 0 0 801 602
p/1589783730837.jpg 1 0 0 805 602
p/1589783730836.jpg 1 0 0 300 178
p/1589783730835.jpg 1 0 0 808 602
p/1589783730834.jpg 1 0 0 801 603
p/1589783730833.jpg 1 0 0 800 542
p/1589783730832.jpg 1 0 0 803 600
p/1589783730831.jpg 1 0 0 803 601
p/1589783730651.jpg 1 0 0 1080 1080
p/1589783730650.jpg 1 0 0 801 605
p/1589783730649.jpg 1 0 0 801 603
p/1589783728620.jpg 1 0 0 801 600
p/1589783728619.jpg 1 0 0 225 224
p/1589783728618.jpg 1 0 0 802 599
p/1589783728617.jpg 1 0 0 801 602
p/1589783728616.jpg 1 0 0 801 601
p/1589783728615.jpg 1 0 0 802 601
p/1589783728614.jpg 1 0 0 803 602
p/1589783728613.jpg 1 0 0 802 600
p/1589783726556.jpg 1 0 0 801 603
p/1589783726555.jpg 1 0 0 804 600
p/1589783726554.jpg 1 0 0 353 143
p/1589783726553.jpg 1 0 0 800 600
p/1589783726551.jpg 1 0 0 800 600
p/1589783726550.jpg 1 0 0 800 600
p/1589783726549.jpg 1 0 0 801 602
p/1589783726548.jpg 1 0 0 801 603
p/1589783726547.jpg 1 0 0 803 601
p/1589783726546.jpg 1 0 0 802 602
p/1589783726545.jpg 1 0 0 800 601
p/1589783726544.jpg 1 0 0 805 602
p/1589783726543.jpg 1 0 0 1527 782
p/1589783726542.jpg 1 0 0 436 256
p/1589783726541.jpg 1 0 0 225 225
p/1589783726540.jpg 1 0 0 1920 1080
p/1589783726539.jpg 1 0 0 728 455
p/1589783726538.jpg 1 0 0 512 352
p/1589783726536.jpg 1 0 0 1280 830
p/1589783726534.jpg 1 0 0 350 219
p/1589783726535.jpg 1 0 0 350 219
p/1589783726533.jpg 1 0 0 728 407
p/1589783726532.jpg 1 0 0 800 600
p/1589783726531.jpg 1 0 0 312 263
p/1589783726530.jpg 1 0 0 801 602
p/1589783726529.jpg 1 0 0 1664 1402
p/1589783726528.jpg 1 0 0 801 602
p/1589783726527.jpg 1 0 0 1200 1000
p/1589783726526.jpg 1 0 0 450 264
p/1589783726525.jpg 1 0 0 832 416
p/1589783726524.jpg 1 0 0 1500 1349
p/1589783726523.jpg 1 0 0 300 225
p/1589783726520.jpg 1 0 0 300 296
p/1589783726521.jpg 1 0 0 801 602
p/1589783726519.jpg 1 0 0 500 300
p/1589783726518.jpg 1 0 0 1500 1349
p/1589783726517.jpg 1 0 0 800 639
p/1589783726516.jpg 1 0 0 300 225
p/1589783726514.jpg 1 0 0 1932 1286
p/1589783726515.jpg 1 0 0 300 240
p/1589783726512.jpg 1 0 0 802 600
p/1589783726509.jpg 1 0 0 350 350
p/1589783726507.jpg 1 0 0 500 396
p/1589783726499.jpg 1 0 0 800 418
p/1589783726501.jpg 1 0 0 640 360
p/1589783726496.jpg 1 0 0 425 310
p/1589783726497.jpg 1 0 0 692 461
p/1589783726494.jpg 1 0 0 500 396
p/1589783726495.jpg 1 0 0 384 384
p/1589783726493.jpg 1 0 0 500 396
p/1589783724398.jpg 1 0 0 512 307
p/1589783726491.jpg 1 0 0 512 307
p/1589783724396.jpg 1 0 0 425 220
p/1589783724397.jpg 1 0 0 600 600
p/1589783724394.jpg 1 0 0 425 195
p/1589783724395.jpg 1 0 0 1000 1000
p/1589783724392.jpg 1 0 0 1200 1200
p/1589783724391.jpg 1 0 0 1200 1200
p/1589783724390.jpg 1 0 0 600 600
p/1589783724389.jpg 1 0 0 1280 720
p/1589783724387.jpg 1 0 0 658 431
p/1589783724388.jpg 1 0 0 640 636
p/1589783724386.jpg 1 0 0 804 600
p/1589783724383.jpg 1 0 0 225 225
p/1589783724384.jpg 1 0 0 198 254
p/1589783724385.jpg 1 0 0 301 167
p/1589783724382.jpg 1 0 0 339 149
p/1589783722361.jpg 1 0 0 215 235
p/1589783722362.jpg 1 0 0 225 225
p/1589783722363.jpg 1 0 0 278 181
p/1589783722360.jpg 1 0 0 802 602
p/1589783722358.jpg 1 0 0 339 149
p/1589783722359.jpg 1 0 0 225 225
p/1589783720356.jpg 1 0 0 275 183
p/1589783722356.jpg 1 0 0 225 225
p/1589783722357.jpg 1 0 0 300 168
p/1589783720352.jpg 1 0 0 225 225
p/1589783720353.jpg 1 0 0 225 225
p/1589783720306.jpg 1 0 0 259 194
p/1589783720307.jpg 1 0 0 225 225
p/1589783720308.jpg 1 0 0 840 560
p/1589783720309.jpg 1 0 0 346 146
p/1589783720304.jpg 1 0 0 330 153
p/1589783720305.jpg 1 0 0 215 235
p/1589783720303.jpg 1 0 0 300 168
p/1589783720301.jpg 1 0 0 225 225
p/1589783720302.jpg 1 0 0 210 158
p/1589783720299.jpg 1 0 0 225 225
p/1589783720300.jpg 1 0 0 259 194
p/1589783720297.jpg 1 0 0 1600 900
p/1589783720298.jpg 1 0 0 225 225
p/1589783720296.jpg 1 0 0 314 160
p/1589783718259.jpg 1 0 0 803 601
p/1589783718260.jpg 1 0 0 275 183
p/1589783718258.jpg 1 0 0 803 602
p/1589783718257.jpg 1 0 0 910 607
p/1589783718256.jpg 1 0 0 500 400
p/1589783718255.jpg 1 0 0 259 194
p/1589783718254.jpg 1 0 0 225 225
p/1589783718253.jpg 1 0 0 278 181
p/1589783718249.jpg 1 0 0 275 183
p/1589783718250.jpg 1 0 0 268 188
p/1589783718247.jpg 1 0 0 826 578
p/1589783718248.jpg 1 0 0 252 200
p/1589783718246.jpg 1 0 0 276 183
p/1589783718245.jpg 1 0 0 800 600
p/1589783718243.jpg 1 0 0 800 600
p/1589783716174.jpg 1 0 0 1680 1050
p/1589783716157.jpg 1 0 0 803 602
p/1589783716155.jpg 1 0 0 801 602
p/1589783716154.jpg 1 0 0 259 194
p/1589783716152.jpg 1 0 0 309 163
p/1589783716153.jpg 1 0 0 259 194
p/1589783716150.jpg 1 0 0 260 194
p/1589783716151.jpg 1 0 0 259 194
p/1589783716148.jpg 1 0 0 425 418
p/1589783716149.jpg 1 0 0 299 168
p/1589783716147.jpg 1 0 0 304 166
p/1589783716144.jpg 1 0 0 225 225
p/1589783716145.jpg 1 0 0 276 183
p/1589783716146.jpg 1 0 0 225 225
p/1589783716142.jpg 1 0 0 300 168
p/1589783716143.jpg 1 0 0 336 150
p/1589783716141.jpg 1 0 0 279 181
p/1589783716140.jpg 1 0 0 801 601
p/1589783716139.jpg 1 0 0 802 601
p/1589783716138.jpg 1 0 0 803 602
p/1589783716137.jpg 1 0 0 425 337
p/1589783716136.jpg 1 0 0 248 203
p/1589783716135.jpg 1 0 0 425 337
p/1589783711429.jpg 1 0 0 560 423
p/1589783711428.jpg 1 0 0 1200 675
p/1589783711427.jpg 1 0 0 1032 678
p/1589783711426.jpg 1 0 0 900 480
p/1589783711425.jpg 1 0 0 900 440
p/1589783711424.jpg 1 0 0 800 450
p/1589783711423.jpg 1 0 0 800 450
p/1589783711422.jpg 1 0 0 640 425
p/1589783708871.jpg 1 0 0 610 407
p/1589783708870.jpg 1 0 0 2000 1669
p/1589783708869.jpg 1 0 0 806 602
p/1589783708868.jpg 1 0 0 466 466
p/1589783708867.jpg 1 0 0 728 340
p/1589783708866.jpg 1 0 0 640 360
p/1589783708865.jpg 1 0 0 1280 720
p/1589783708864.jpg 1 0 0 804 601
p/1589783708863.jpg 1 0 0 296 170
p/1589783708862.jpg 1 0 0 227 222
p/1589783708861.jpg 1 0 0 246 205
p/1589783708860.jpg 1 0 0 248 203
p/1589783708859.jpg 1 0 0 300 168
p/1589783708858.jpg 1 0 0 466 466
p/1589783708857.jpg 1 0 0 799 605
p/1589783708856.jpg 1 0 0 279 181
p/1589783708855.jpg 1 0 0 1000 1000
p/1589783708854.jpg 1 0 0 800 600
p/1589783708853.jpg 1 0 0 800 600
p/1589783708852.jpg 1 0 0 800 800
p/1589783708851.jpg 1 0 0 1500 1500
p/1589783708850.jpg 1 0 0 1600 1600
p/1589783708849.jpg 1 0 0 800 800
p/1589783708848.jpg 1 0 0 425 406
p/1589783708847.jpg 1 0 0 804 601
p/1589783708817.jpg 1 0 0 1000 1000
p/1589783708816.jpg 1 0 0 700 700
p/1589783708814.jpg 1 0 0 600 391
p/1589783708815.jpg 1 0 0 750 440
p/1589783708711.jpg 1 0 0 800 533
p/1589783708813.jpg 1 0 0 246 205
p/1589783708710.jpg 1 0 0 1000 1000
p/1589783708709.jpg 1 0 0 540 540
p/1589783705394.jpg 1 0 0 800 800
p/1589783705392.jpg 1 0 0 804 601
p/1589783705393.jpg 1 0 0 500 500
p/1589783705390.jpg 1 0 0 500 500
p/1589783705391.jpg 1 0 0 500 310
p/1589783705387.jpg 1 0 0 804 606
p/1589783705388.jpg 1 0 0 300 300
p/1589783705389.jpg 1 0 0 425 227
p/1589783703081.jpg 1 0 0 803 604
p/1589783703080.jpg 1 0 0 801 605
p/1589783703079.jpg 1 0 0 1000 833
p/1589783703078.jpg 1 0 0 1000 833
p/1589783703077.jpg 1 0 0 806 603
p/1589783703075.jpg 1 0 0 400 221
p/1589783703076.jpg 1 0 0 832 555
p/1589783703074.jpg 1 0 0 400 221
p/1589783703073.jpg 1 0 0 808 600
p/1589783703072.jpg 1 0 0 800 600
p/1589783703071.jpg 1 0 0 799 605
p/1589783700985.jpg 1 0 0 290 174
p/1589783700986.jpg 1 0 0 225 225
p/1589783700984.jpg 1 0 0 225 225
p/1589783700983.jpg 1 0 0 290 174
p/1589783700982.jpg 1 0 0 279 181
p/1589783698996.jpg 1 0 0 225 225
p/1589783698995.jpg 1 0 0 282 179
p/1589783695693.jpg 1 0 0 240 210
p/1589783698994.jpg 1 0 0 225 225
p/1589783695692.jpg 1 0 0 300 168
p/1589783695691.jpg 1 0 0 225 225
p/1589783695689.jpg 1 0 0 225 225
p/1589783695690.jpg 1 0 0 225 225
p/1589783692099.jpg 1 0 0 275 183
p/1589783692098.jpg 1 0 0 467 358
p/1589783692097.jpg 1 0 0 225 225
p/1589783692096.jpg 1 0 0 271 186
p/1589783692095.jpg 1 0 0 260 194
p/1589783676644.jpg 1 0 0 246 205
p/1589783676643.jpg 1 0 0 304 166
p/1589783676641.jpg 1 0 0 233 217
p/1589783676642.jpg 1 0 0 254 198
p/1589783676638.jpg 1 0 0 225 225
p/1589783676639.jpg 1 0 0 248 203
p/1589783676640.jpg 1 0 0 274 184
p/1589783676637.jpg 1 0 0 806 602
p/1589783676634.jpg 1 0 0 225 225
p/1589783676635.jpg 1 0 0 259 194
p/1589783676633.jpg 1 0 0 600 600
p/1589783676632.jpg 1 0 0 806 603
p/1589783676630.jpg 1 0 0 640 640
p/1589783676631.jpg 1 0 0 500 381
p/1589783676629.jpg 1 0 0 801 602
p/1589783676628.jpg 1 0 0 777 446
p/1589783676627.jpg 1 0 0 1000 833
p/1589783676626.jpg 1 0 0 650 650
p/1589783676625.jpg 1 0 0 750 750
p/1589783676624.jpg 1 0 0 800 600
p/1589783676623.jpg 1 0 0 225 225
p/1589783676622.jpg 1 0 0 239 211
p/1589783676619.jpg 1 0 0 800 800
p/1589783676620.jpg 1 0 0 225 225
p/1589783676621.jpg 1 0 0 215 234
p/1589783673692.jpg 1 0 0 246 205
p/1589783673693.jpg 1 0 0 275 183
p/1589783673694.jpg 1 0 0 488 488
p/1589783673691.jpg 1 0 0 1600 1600
p/1589783673690.jpg 1 0 0 202 250
p/1589783673687.jpg 1 0 0 301 167
p/1589783673688.jpg 1 0 0 225 225
p/1589783673689.jpg 1 0 0 225 225
p/1589783673684.jpg 1 0 0 314 161
p/1589783673685.jpg 1 0 0 297 170
p/1589783673686.jpg 1 0 0 293 172
p/1589783673681.jpg 1 0 0 600 600
p/1589783673682.jpg 1 0 0 238 211
p/1589783673683.jpg 1 0 0 282 179
p/1589783673680.jpg 1 0 0 804 606
p/1589783673679.jpg 1 0 0 800 800
p/1589783673678.jpg 1 0 0 1500 1500
p/1589783673677.jpg 1 0 0 1600 1600
p/1589783673676.jpg 1 0 0 800 800
p/1589783673675.jpg 1 0 0 425 406
p/1589783673674.jpg 1 0 0 1000 1000
p/1589783673673.jpg 1 0 0 700 700
p/1589783673672.jpg 1 0 0 750 440
p/1589783673671.jpg 1 0 0 500 333
p/1589783673670.jpg 1 0 0 600 391
p/1589783673669.jpg 1 0 0 803 604
p/1589783673667.jpg 1 0 0 800 533
p/1589783673668.jpg 1 0 0 246 205
p/1589783673666.jpg 1 0 0 1000 1000
p/1589783673664.jpg 1 0 0 800 800
p/1589783673665.jpg 1 0 0 540 540
p/1589783673663.jpg 1 0 0 512 387
p/1589783673661.jpg 1 0 0 500 310
p/1589783673662.jpg 1 0 0 500 500
p/1589783673659.jpg 1 0 0 425 227
p/1589783673660.jpg 1 0 0 500 500
p/1589783673658.jpg 1 0 0 803 604
p/1589783673657.jpg 1 0 0 300 300
p/1589783670022.jpg 1 0 0 1600 1200
p/1589783670023.jpg 1 0 0 604 270
p/1589783670021.jpg 1 0 0 650 496
p/1589783670020.jpg 1 0 0 728 418
p/1589783667095.jpg 1 0 0 805 602
p/1589783667094.jpg 1 0 0 1280 720
p/1589783667093.jpg 1 0 0 800 800
p/1589783663134.jpg 1 0 0 259 194
p/1589783667092.jpg 1 0 0 457 400
p/1589783663131.jpg 1 0 0 801 617
p/1589783663132.jpg 1 0 0 259 194
p/1589783663133.jpg 1 0 0 234 215
p/1589783663129.jpg 1 0 0 550 550
p/1589783663130.jpg 1 0 0 246 205
p/1589783663128.jpg 1 0 0 800 600
p/1589783663127.jpg 1 0 0 600 600
p/1589783663126.jpg 1 0 0 801 599
p/1589783663124.jpg 1 0 0 372 214
p/1589783663125.jpg 1 0 0 500 500
p/1589783663121.jpg 1 0 0 500 500
p/1589783663122.jpg 1 0 0 230 219
p/1589783663123.jpg 1 0 0 225 225
p/1589783663120.jpg 1 0 0 1000 725
p/1589783663119.jpg 1 0 0 1100 845
p/1589783663118.jpg 1 0 0 1500 1267
p/1589783663117.jpg 1 0 0 1000 544
p/1589783663115.jpg 1 0 0 2448 2448
p/1589783663116.jpg 1 0 0 259 195
p/1589783663114.jpg 1 0 0 800 604
p/1589783663113.jpg 1 0 0 430 300
p/1589783663111.jpg 1 0 0 1024 768
p/1589783663112.jpg 1 0 0 370 210
p/1589783663110.jpg 1 0 0 504 378
p/1589783663108.jpg 1 0 0 259 194
p/1589783663109.jpg 1 0 0 300 225
p/1589783663106.jpg 1 0 0 3616 2036
p/1589783663107.jpg 1 0 0 1024 768
p/1589783663105.jpg 1 0 0 1000 1000
p/1589783663104.jpg 1 0 0 1500 964
p/1589783663103.jpg 1 0 0 799 600
p/1589783663101.jpg 1 0 0 801 604
p/1589783663100.jpg 1 0 0 803 601
p/1589783663099.jpg 1 0 0 803 604
p/1589783663098.jpg 1 0 0 800 604
p/1589783663096.jpg 1 0 0 803 603
p/1589783663094.jpg 1 0 0 425 376
p/1589783663093.jpg 1 0 0 805 602
p/1589783663092.jpg 1 0 0 800 604
p/1589783663091.jpg 1 0 0 801 617
p/1589783663090.jpg 1 0 0 800 600
p/1589783663089.jpg 1 0 0 806 599
p/1589783663088.jpg 1 0 0 800 604
p/1589783663087.jpg 1 0 0 803 606
p/1589783663085.jpg 1 0 0 259 194
p/1589783663086.jpg 1 0 0 259 194
p/1589783663083.jpg 1 0 0 287 176
p/1589783663084.jpg 1 0 0 225 225
p/1589783663081.jpg 1 0 0 803 606
p/1589783663082.jpg 1 0 0 225 225
p/1589783663079.jpg 1 0 0 225 225
p/1589783663080.jpg 1 0 0 236 214
p/1589783663077.jpg 1 0 0 225 225
p/1589783663078.jpg 1 0 0 268 188
p/1589783663075.jpg 1 0 0 225 225
p/1589783663076.jpg 1 0 0 275 183
p/1589783663072.jpg 1 0 0 263 191
p/1589783663073.jpg 1 0 0 225 225
p/1589783656301.jpg 1 0 0 225 225
p/1589783656302.jpg 1 0 0 236 214
p/1589783656299.jpg 1 0 0 196 257
p/1589783656300.jpg 1 0 0 235 215
p/1589783656298.jpg 1 0 0 271 186
p/1589783656296.jpg 1 0 0 275 183
p/1589783656297.jpg 1 0 0 268 188
p/1589783656295.jpg 1 0 0 258 195
p/1589783652243.jpg 1 0 0 1000 1000
p/1589783652242.jpg 1 0 0 800 800
p/1589783652240.jpg 1 0 0 612 372
p/1589783652241.jpg 1 0 0 290 174
p/1589783652238.jpg 1 0 0 801 617
p/1589783652239.jpg 1 0 0 275 183
p/1589783652237.jpg 1 0 0 808 603
p/1589783642151.jpg 1 0 0 1500 938
p/1589783642150.jpg 1 0 0 808 602
p/1589783642149.jpg 1 0 0 1280 1017
p/1589783642148.jpg 1 0 0 1300 1390
p/1589783642123.jpg 1 0 0 800 602
p/1589783642122.jpg 1 0 0 425 365
p/1589783642120.jpg 1 0 0 801 604
p/1589783642121.jpg 1 0 0 268 188
p/1589783642119.jpg 1 0 0 279 181
p/1589783642118.jpg 1 0 0 1024 680
p/1589783642117.jpg 1 0 0 800 800
p/1589783642115.jpg 1 0 0 1000 760
p/1589783642116.jpg 1 0 0 255 197
p/1589783642114.jpg 1 0 0 832 727
p/1589783642113.jpg 1 0 0 800 800
p/1589783638238.jpg 1 0 0 550 375
p/1589783635005.jpg 1 0 0 1414 1080
p/1589783635004.jpg 1 0 0 512 512
p/1589783635003.jpg 1 0 0 225 225
p/1589783631396.jpg 1 0 0 1280 852
p/1589783631395.jpg 1 0 0 1000 1000
p/1589783631394.jpg 1 0 0 800 800
p/1589783631393.jpg 1 0 0 1280 720
p/1589783631392.jpg 1 0 0 1520 1074
p/1589783631391.jpg 1 0 0 1000 750
p/1589783631390.jpg 1 0 0 1500 938
p/1589783631389.jpg 1 0 0 1200 1200
p/1589783631388.jpg 1 0 0 1024 683
p/1589783631386.jpg 1 0 0 275 183
p/1589783631387.jpg 1 0 0 500 333
p/1589783631385.jpg 1 0 0 1300 866
p/1589783631374.jpg 1 0 0 2089 1487
p/1589783631375.jpg 1 0 0 425 389
p/1589783631370.jpg 1 0 0 1280 720
p/1589783626530.jpg 1 0 0 1200 1200
p/1589783631368.jpg 1 0 0 571 355
p/1589783626529.jpg 1 0 0 1300 866
p/1589783626528.jpg 1 0 0 800 800
p/1589783626527.jpg 1 0 0 620 620
p/1589783626526.jpg 1 0 0 225 224
p/1589783626525.jpg 1 0 0 750 544
p/1589783621705.jpg 1 0 0 800 800
p/1589783621706.jpg 1 0 0 612 372
p/1589783621704.jpg 1 0 0 1500 1500
p/1589783621703.jpg 1 0 0 372 214
p/1589783621701.jpg 1 0 0 230 219
p/1589783621702.jpg 1 0 0 225 225
p/1589783621699.jpg 1 0 0 1000 725
p/1589783621698.jpg 1 0 0 1100 845
p/1589783618509.jpg 1 0 0 1500 1267
p/1589783621697.jpg 1 0 0 225 225
p/1589783618508.jpg 1 0 0 1000 544
p/1589783618507.jpg 1 0 0 259 195
p/1589783618506.jpg 1 0 0 2448 2448
p/1589783618505.jpg 1 0 0 430 300
p/1589783615440.jpg 1 0 0 1024 768
p/1589783615441.jpg 1 0 0 370 210
p/1589783615439.jpg 1 0 0 504 378
p/1589783615437.jpg 1 0 0 259 194
p/1589783615438.jpg 1 0 0 300 225
p/1589783615435.jpg 1 0 0 1024 768
p/1589783615436.jpg 1 0 0 245 205
p/1589783615434.jpg 1 0 0 3616 2036
p/1589783615433.jpg 1 0 0 1000 1000
p/1589783612147.jpg 1 0 0 1500 964
p/1589783612146.jpg 1 0 0 801 604
p/1589783612145.jpg 1 0 0 1300 1300
p/1589783612144.jpg 1 0 0 803 601
p/1589783612143.jpg 1 0 0 803 604
p/1589783612142.jpg 1 0 0 800 604
p/1589783612141.jpg 1 0 0 571 355
p/1589783612140.jpg 1 0 0 278 181
p/1589783612139.jpg 1 0 0 803 603
p/1589783612138.jpg 1 0 0 767 474
p/1589783612137.jpg 1 0 0 258 195
p/1589783609078.jpg 1 0 0 264 191
p/1589783609079.jpg 1 0 0 278 181
p/1589783609080.jpg 1 0 0 225 225
p/1589783605141.jpg 1 0 0 255 197
p/1589783609076.jpg 1 0 0 225 225
p/1589783609077.jpg 1 0 0 246 205
p/1589783605138.jpg 1 0 0 275 183
p/1589783605139.jpg 1 0 0 259 194
p/1589783605140.jpg 1 0 0 225 225
p/1589783605137.jpg 1 0 0 803 600
p/1589783605136.jpg 1 0 0 803 600
p/1589783605135.jpg 1 0 0 806 599
p/1589783605134.jpg 1 0 0 801 617
p/1589783605133.jpg 1 0 0 803 603
p/1589783605132.jpg 1 0 0 800 604
p/1589783605131.jpg 1 0 0 803 604
p/1589783605130.jpg 1 0 0 803 601
p/1589783605129.jpg 1 0 0 801 604
p/1589783605128.jpg 1 0 0 269 187
p/1589783605127.jpg 1 0 0 801 599
p/1589783605126.jpg 1 0 0 800 602
p/1589783605125.jpg 1 0 0 808 602
p/1589783605124.jpg 1 0 0 808 603
p/1589783605123.jpg 1 0 0 803 606
p/1589783605122.jpg 1 0 0 800 604
p/1589783605121.jpg 1 0 0 800 604
p/1589783605120.jpg 1 0 0 799 600
p/1589783605119.jpg 1 0 0 802 607
p/1589783605118.jpg 1 0 0 800 600
p/1589783605116.jpg 1 0 0 1500 1289
p/1589783605117.jpg 1 0 0 254 198
p/1589783605114.jpg 1 0 0 425 376
p/1589783605115.jpg 1 0 0 932 852
p/1589783605113.jpg 1 0 0 900 542
p/1589783605112.jpg 1 0 0 900 587
p/1589783605111.jpg 1 0 0 900 702
p/1589783605108.jpg 1 0 0 915 500
p/1589783605107.jpg 1 0 0 512 512
p/1589783605096.jpg 1 0 0 950 550
p/1589783605064.jpg 1 0 0 4000 2524
p/1589783605063.jpg 1 0 0 274 184
p/1589783594395.jpg 1 0 0 259 194